The target system is: Generic -  - 
The host system is: Linux - 4.19.104-microsoft-standard - x86_64
Compiling the C compiler identification source file "CMakeCCompilerId.c" succeeded.
Compiler: /home/nano/esp/xtensa-lx106-elf/bin/xtensa-lx106-elf-gcc 
Build flags: -mlongcalls;-Wno-frame-address
Id flags: -c

The output was:
0


Compilation of the C compiler identification source "CMakeCCompilerId.c" produced "CMakeCCompilerId.o"

The C compiler identification is GNU, found in "/home/nano/esp/aircon/build/CMakeFiles/3.5.1/CompilerIdC/CMakeCCompilerId.o"

Compiling the CXX compiler identification source file "CMakeCXXCompilerId.cpp" succeeded.
Compiler: /home/nano/esp/xtensa-lx106-elf/bin/xtensa-lx106-elf-g++ 
Build flags: -mlongcalls;-Wno-frame-address
Id flags: -c

The output was:
0


Compilation of the CXX compiler identification source "CMakeCXXCompilerId.cpp" produced "CMakeCXXCompilerId.o"

The CXX compiler identification is GNU, found in "/home/nano/esp/aircon/build/CMakeFiles/3.5.1/CompilerIdCXX/CMakeCXXCompilerId.o"

Checking whether the ASM compiler is GNU using "--version" matched "(GNU assembler)|(GCC)|(Free Software Foundation)":
xtensa-lx106-elf-gcc (crosstool-NG crosstool-ng-1.22.0-100-ge567ec7) 5.2.0
Copyright (C) 2015 Free Software Foundation, Inc.
This is free software; see the source for copying conditions.  There is NO
warranty; not even for MERCHANTABILITY or FITNESS FOR A PARTICULAR PURPOSE.

Determining if the C compiler works passed with the following output:
Change Dir: /home/nano/esp/aircon/build/CMakeFiles/CMakeTmp

Run Build Command:"/usr/bin/ninja" "cmTC_b4581"
[1/2] Building C object CMakeFiles/cmTC_b4581.dir/testCCompiler.c.obj
[2/2] Linking C executable cmTC_b4581
/home/nano/esp/xtensa-lx106-elf/bin/../lib/gcc/xtensa-lx106-elf/5.2.0/../../../../xtensa-lx106-elf/bin/ld: warning: cannot find entry symbol _start; not setting start address


Detecting C compiler ABI info compiled with the following output:
Change Dir: /home/nano/esp/aircon/build/CMakeFiles/CMakeTmp

Run Build Command:"/usr/bin/ninja" "cmTC_402d3"
[1/2] Building C object CMakeFiles/cmTC_402d3.dir/CMakeCCompilerABI.c.obj
[2/2] Linking C executable cmTC_402d3
Using built-in specs.
COLLECT_GCC=/home/nano/esp/xtensa-lx106-elf/bin/xtensa-lx106-elf-gcc
COLLECT_LTO_WRAPPER=/home/nano/esp/xtensa-lx106-elf/bin/../libexec/gcc/xtensa-lx106-elf/5.2.0/lto-wrapper
Target: xtensa-lx106-elf
Configured with: /builds/idf/crosstool-NG/.build/src/gcc-5.2.0/configure --build=x86_64-build_pc-linux-gnu --host=x86_64-build_pc-linux-gnu --target=xtensa-lx106-elf --prefix=/builds/idf/crosstool-NG/builds/xtensa-lx106-elf --with-local-prefix=/builds/idf/crosstool-NG/builds/xtensa-lx106-elf/xtensa-lx106-elf/sysroot --with-sysroot=/builds/idf/crosstool-NG/builds/xtensa-lx106-elf/xtensa-lx106-elf/sysroot --with-newlib --enable-threads=no --disable-shared --with-pkgversion='crosstool-NG crosstool-ng-1.22.0-100-ge567ec7' --disable-__cxa_atexit --enable-cxx-flags='-fno-exceptions -fno-rtti' --with-gmp=/builds/idf/crosstool-NG/.build/xtensa-lx106-elf/buildtools --with-mpfr=/builds/idf/crosstool-NG/.build/xtensa-lx106-elf/buildtools --with-mpc=/builds/idf/crosstool-NG/.build/xtensa-lx106-elf/buildtools --with-isl=/builds/idf/crosstool-NG/.build/xtensa-lx106-elf/buildtools --with-cloog=/builds/idf/crosstool-NG/.build/xtensa-lx106-elf/buildtools --with-libelf=/builds/idf/crosstool-NG/.build/xtensa-lx106-elf/buildtools --enable-lto --enable-target-optspace --without-long-double-128 --disable-libgomp --disable-libmudflap --disable-libssp --disable-libquadmath --disable-libquadmath-support --disable-nls --disable-multilib --enable-languages=c,c++
Thread model: single
gcc version 5.2.0 (crosstool-NG crosstool-ng-1.22.0-100-ge567ec7) 
COMPILER_PATH=/home/nano/esp/xtensa-lx106-elf/bin/../libexec/gcc/xtensa-lx106-elf/5.2.0/:/home/nano/esp/xtensa-lx106-elf/bin/../libexec/gcc/:/home/nano/esp/xtensa-lx106-elf/bin/../lib/gcc/xtensa-lx106-elf/5.2.0/../../../../xtensa-lx106-elf/bin/
LIBRARY_PATH=/home/nano/esp/xtensa-lx106-elf/bin/../lib/gcc/xtensa-lx106-elf/5.2.0/:/home/nano/esp/xtensa-lx106-elf/bin/../lib/gcc/:/home/nano/esp/xtensa-lx106-elf/bin/../lib/gcc/xtensa-lx106-elf/5.2.0/../../../../xtensa-lx106-elf/lib/:/home/nano/esp/xtensa-lx106-elf/bin/../xtensa-lx106-elf/sysroot/lib/:/home/nano/esp/xtensa-lx106-elf/bin/../xtensa-lx106-elf/sysroot/usr/lib/
COLLECT_GCC_OPTIONS='-mlongcalls' '-Wno-frame-address' '-nostdlib' '-v' '-o' 'cmTC_402d3'
 /home/nano/esp/xtensa-lx106-elf/bin/../libexec/gcc/xtensa-lx106-elf/5.2.0/collect2 -plugin /home/nano/esp/xtensa-lx106-elf/bin/../libexec/gcc/xtensa-lx106-elf/5.2.0/liblto_plugin.so -plugin-opt=/home/nano/esp/xtensa-lx106-elf/bin/../libexec/gcc/xtensa-lx106-elf/5.2.0/lto-wrapper -plugin-opt=-fresolution=/tmp/cciFxJnt.res --sysroot=/home/nano/esp/xtensa-lx106-elf/bin/../xtensa-lx106-elf/sysroot -o cmTC_402d3 -L/home/nano/esp/xtensa-lx106-elf/bin/../lib/gcc/xtensa-lx106-elf/5.2.0 -L/home/nano/esp/xtensa-lx106-elf/bin/../lib/gcc -L/home/nano/esp/xtensa-lx106-elf/bin/../lib/gcc/xtensa-lx106-elf/5.2.0/../../../../xtensa-lx106-elf/lib -L/home/nano/esp/xtensa-lx106-elf/bin/../xtensa-lx106-elf/sysroot/lib -L/home/nano/esp/xtensa-lx106-elf/bin/../xtensa-lx106-elf/sysroot/usr/lib --gc-sections CMakeFiles/cmTC_402d3.dir/CMakeCCompilerABI.c.obj
/home/nano/esp/xtensa-lx106-elf/bin/../lib/gcc/xtensa-lx106-elf/5.2.0/../../../../xtensa-lx106-elf/bin/ld: warning: cannot find entry symbol _start; not setting start address


Parsed C implicit link information from above output:
  link line regex: [^( *|.*[/\])(xtensa-lx106-elf-ld|([^/\]+-)?ld|collect2)[^/\]*( |$)]
  ignore line: [Change Dir: /home/nano/esp/aircon/build/CMakeFiles/CMakeTmp]
  ignore line: []
  ignore line: [Run Build Command:"/usr/bin/ninja" "cmTC_402d3"]
  ignore line: [[1/2] Building C object CMakeFiles/cmTC_402d3.dir/CMakeCCompilerABI.c.obj]
  ignore line: [[2/2] Linking C executable cmTC_402d3]
  ignore line: [Using built-in specs.]
  ignore line: [COLLECT_GCC=/home/nano/esp/xtensa-lx106-elf/bin/xtensa-lx106-elf-gcc]
  ignore line: [COLLECT_LTO_WRAPPER=/home/nano/esp/xtensa-lx106-elf/bin/../libexec/gcc/xtensa-lx106-elf/5.2.0/lto-wrapper]
  ignore line: [Target: xtensa-lx106-elf]
  ignore line: [Configured with: /builds/idf/crosstool-NG/.build/src/gcc-5.2.0/configure --build=x86_64-build_pc-linux-gnu --host=x86_64-build_pc-linux-gnu --target=xtensa-lx106-elf --prefix=/builds/idf/crosstool-NG/builds/xtensa-lx106-elf --with-local-prefix=/builds/idf/crosstool-NG/builds/xtensa-lx106-elf/xtensa-lx106-elf/sysroot --with-sysroot=/builds/idf/crosstool-NG/builds/xtensa-lx106-elf/xtensa-lx106-elf/sysroot --with-newlib --enable-threads=no --disable-shared --with-pkgversion='crosstool-NG crosstool-ng-1.22.0-100-ge567ec7' --disable-__cxa_atexit --enable-cxx-flags='-fno-exceptions -fno-rtti' --with-gmp=/builds/idf/crosstool-NG/.build/xtensa-lx106-elf/buildtools --with-mpfr=/builds/idf/crosstool-NG/.build/xtensa-lx106-elf/buildtools --with-mpc=/builds/idf/crosstool-NG/.build/xtensa-lx106-elf/buildtools --with-isl=/builds/idf/crosstool-NG/.build/xtensa-lx106-elf/buildtools --with-cloog=/builds/idf/crosstool-NG/.build/xtensa-lx106-elf/buildtools --with-libelf=/builds/idf/crosstool-NG/.build/xtensa-lx106-elf/buildtools --enable-lto --enable-target-optspace --without-long-double-128 --disable-libgomp --disable-libmudflap --disable-libssp --disable-libquadmath --disable-libquadmath-support --disable-nls --disable-multilib --enable-languages=c,c++]
  ignore line: [Thread model: single]
  ignore line: [gcc version 5.2.0 (crosstool-NG crosstool-ng-1.22.0-100-ge567ec7) ]
  ignore line: [COMPILER_PATH=/home/nano/esp/xtensa-lx106-elf/bin/../libexec/gcc/xtensa-lx106-elf/5.2.0/:/home/nano/esp/xtensa-lx106-elf/bin/../libexec/gcc/:/home/nano/esp/xtensa-lx106-elf/bin/../lib/gcc/xtensa-lx106-elf/5.2.0/../../../../xtensa-lx106-elf/bin/]
  ignore line: [LIBRARY_PATH=/home/nano/esp/xtensa-lx106-elf/bin/../lib/gcc/xtensa-lx106-elf/5.2.0/:/home/nano/esp/xtensa-lx106-elf/bin/../lib/gcc/:/home/nano/esp/xtensa-lx106-elf/bin/../lib/gcc/xtensa-lx106-elf/5.2.0/../../../../xtensa-lx106-elf/lib/:/home/nano/esp/xtensa-lx106-elf/bin/../xtensa-lx106-elf/sysroot/lib/:/home/nano/esp/xtensa-lx106-elf/bin/../xtensa-lx106-elf/sysroot/usr/lib/]
  ignore line: [COLLECT_GCC_OPTIONS='-mlongcalls' '-Wno-frame-address' '-nostdlib' '-v' '-o' 'cmTC_402d3']
  link line: [ /home/nano/esp/xtensa-lx106-elf/bin/../libexec/gcc/xtensa-lx106-elf/5.2.0/collect2 -plugin /home/nano/esp/xtensa-lx106-elf/bin/../libexec/gcc/xtensa-lx106-elf/5.2.0/liblto_plugin.so -plugin-opt=/home/nano/esp/xtensa-lx106-elf/bin/../libexec/gcc/xtensa-lx106-elf/5.2.0/lto-wrapper -plugin-opt=-fresolution=/tmp/cciFxJnt.res --sysroot=/home/nano/esp/xtensa-lx106-elf/bin/../xtensa-lx106-elf/sysroot -o cmTC_402d3 -L/home/nano/esp/xtensa-lx106-elf/bin/../lib/gcc/xtensa-lx106-elf/5.2.0 -L/home/nano/esp/xtensa-lx106-elf/bin/../lib/gcc -L/home/nano/esp/xtensa-lx106-elf/bin/../lib/gcc/xtensa-lx106-elf/5.2.0/../../../../xtensa-lx106-elf/lib -L/home/nano/esp/xtensa-lx106-elf/bin/../xtensa-lx106-elf/sysroot/lib -L/home/nano/esp/xtensa-lx106-elf/bin/../xtensa-lx106-elf/sysroot/usr/lib --gc-sections CMakeFiles/cmTC_402d3.dir/CMakeCCompilerABI.c.obj]
    arg [/home/nano/esp/xtensa-lx106-elf/bin/../libexec/gcc/xtensa-lx106-elf/5.2.0/collect2] ==> ignore
    arg [-plugin] ==> ignore
    arg [/home/nano/esp/xtensa-lx106-elf/bin/../libexec/gcc/xtensa-lx106-elf/5.2.0/liblto_plugin.so] ==> ignore
    arg [-plugin-opt=/home/nano/esp/xtensa-lx106-elf/bin/../libexec/gcc/xtensa-lx106-elf/5.2.0/lto-wrapper] ==> ignore
    arg [-plugin-opt=-fresolution=/tmp/cciFxJnt.res] ==> ignore
    arg [--sysroot=/home/nano/esp/xtensa-lx106-elf/bin/../xtensa-lx106-elf/sysroot] ==> ignore
    arg [-o] ==> ignore
    arg [cmTC_402d3] ==> ignore
    arg [-L/home/nano/esp/xtensa-lx106-elf/bin/../lib/gcc/xtensa-lx106-elf/5.2.0] ==> dir [/home/nano/esp/xtensa-lx106-elf/bin/../lib/gcc/xtensa-lx106-elf/5.2.0]
    arg [-L/home/nano/esp/xtensa-lx106-elf/bin/../lib/gcc] ==> dir [/home/nano/esp/xtensa-lx106-elf/bin/../lib/gcc]
    arg [-L/home/nano/esp/xtensa-lx106-elf/bin/../lib/gcc/xtensa-lx106-elf/5.2.0/../../../../xtensa-lx106-elf/lib] ==> dir [/home/nano/esp/xtensa-lx106-elf/bin/../lib/gcc/xtensa-lx106-elf/5.2.0/../../../../xtensa-lx106-elf/lib]
    arg [-L/home/nano/esp/xtensa-lx106-elf/bin/../xtensa-lx106-elf/sysroot/lib] ==> dir [/home/nano/esp/xtensa-lx106-elf/bin/../xtensa-lx106-elf/sysroot/lib]
    arg [-L/home/nano/esp/xtensa-lx106-elf/bin/../xtensa-lx106-elf/sysroot/usr/lib] ==> dir [/home/nano/esp/xtensa-lx106-elf/bin/../xtensa-lx106-elf/sysroot/usr/lib]
    arg [--gc-sections] ==> ignore
    arg [CMakeFiles/cmTC_402d3.dir/CMakeCCompilerABI.c.obj] ==> ignore
  collapse library dir [/home/nano/esp/xtensa-lx106-elf/bin/../lib/gcc/xtensa-lx106-elf/5.2.0] ==> [/home/nano/esp/xtensa-lx106-elf/lib/gcc/xtensa-lx106-elf/5.2.0]
  collapse library dir [/home/nano/esp/xtensa-lx106-elf/bin/../lib/gcc] ==> [/home/nano/esp/xtensa-lx106-elf/lib/gcc]
  collapse library dir [/home/nano/esp/xtensa-lx106-elf/bin/../lib/gcc/xtensa-lx106-elf/5.2.0/../../../../xtensa-lx106-elf/lib] ==> [/home/nano/esp/xtensa-lx106-elf/xtensa-lx106-elf/lib]
  collapse library dir [/home/nano/esp/xtensa-lx106-elf/bin/../xtensa-lx106-elf/sysroot/lib] ==> [/home/nano/esp/xtensa-lx106-elf/xtensa-lx106-elf/sysroot/lib]
  collapse library dir [/home/nano/esp/xtensa-lx106-elf/bin/../xtensa-lx106-elf/sysroot/usr/lib] ==> [/home/nano/esp/xtensa-lx106-elf/xtensa-lx106-elf/sysroot/usr/lib]
  implicit libs: []
  implicit dirs: [/home/nano/esp/xtensa-lx106-elf/lib/gcc/xtensa-lx106-elf/5.2.0;/home/nano/esp/xtensa-lx106-elf/lib/gcc;/home/nano/esp/xtensa-lx106-elf/xtensa-lx106-elf/lib;/home/nano/esp/xtensa-lx106-elf/xtensa-lx106-elf/sysroot/lib;/home/nano/esp/xtensa-lx106-elf/xtensa-lx106-elf/sysroot/usr/lib]
  implicit fwks: []




Detecting C [-std=c11] compiler features compiled with the following output:
Change Dir: /home/nano/esp/aircon/build/CMakeFiles/CMakeTmp

Run Build Command:"/usr/bin/ninja" "cmTC_8f88d"
[1/2] Building C object CMakeFiles/cmTC_8f88d.dir/feature_tests.c.obj
[2/2] Linking C executable cmTC_8f88d
/home/nano/esp/xtensa-lx106-elf/bin/../lib/gcc/xtensa-lx106-elf/5.2.0/../../../../xtensa-lx106-elf/bin/ld: warning: cannot find entry symbol _start; not setting start address




Detecting C [-std=c99] compiler features compiled with the following output:
Change Dir: /home/nano/esp/aircon/build/CMakeFiles/CMakeTmp

Run Build Command:"/usr/bin/ninja" "cmTC_12f07"
[1/2] Building C object CMakeFiles/cmTC_12f07.dir/feature_tests.c.obj
[2/2] Linking C executable cmTC_12f07
/home/nano/esp/xtensa-lx106-elf/bin/../lib/gcc/xtensa-lx106-elf/5.2.0/../../../../xtensa-lx106-elf/bin/ld: warning: cannot find entry symbol _start; not setting start address




Detecting C [-std=c90] compiler features compiled with the following output:
Change Dir: /home/nano/esp/aircon/build/CMakeFiles/CMakeTmp

Run Build Command:"/usr/bin/ninja" "cmTC_e9a6b"
[1/2] Building C object CMakeFiles/cmTC_e9a6b.dir/feature_tests.c.obj
[2/2] Linking C executable cmTC_e9a6b
/home/nano/esp/xtensa-lx106-elf/bin/../lib/gcc/xtensa-lx106-elf/5.2.0/../../../../xtensa-lx106-elf/bin/ld: warning: cannot find entry symbol _start; not setting start address


Determining if the CXX compiler works passed with the following output:
Change Dir: /home/nano/esp/aircon/build/CMakeFiles/CMakeTmp

Run Build Command:"/usr/bin/ninja" "cmTC_dbbd5"
[1/2] Building CXX object CMakeFiles/cmTC_dbbd5.dir/testCXXCompiler.cxx.obj
[2/2] Linking CXX executable cmTC_dbbd5
/home/nano/esp/xtensa-lx106-elf/bin/../lib/gcc/xtensa-lx106-elf/5.2.0/../../../../xtensa-lx106-elf/bin/ld: warning: cannot find entry symbol _start; not setting start address


Detecting CXX compiler ABI info compiled with the following output:
Change Dir: /home/nano/esp/aircon/build/CMakeFiles/CMakeTmp

Run Build Command:"/usr/bin/ninja" "cmTC_348bf"
[1/2] Building CXX object CMakeFiles/cmTC_348bf.dir/CMakeCXXCompilerABI.cpp.obj
[2/2] Linking CXX executable cmTC_348bf
Using built-in specs.
COLLECT_GCC=/home/nano/esp/xtensa-lx106-elf/bin/xtensa-lx106-elf-g++
COLLECT_LTO_WRAPPER=/home/nano/esp/xtensa-lx106-elf/bin/../libexec/gcc/xtensa-lx106-elf/5.2.0/lto-wrapper
Target: xtensa-lx106-elf
Configured with: /builds/idf/crosstool-NG/.build/src/gcc-5.2.0/configure --build=x86_64-build_pc-linux-gnu --host=x86_64-build_pc-linux-gnu --target=xtensa-lx106-elf --prefix=/builds/idf/crosstool-NG/builds/xtensa-lx106-elf --with-local-prefix=/builds/idf/crosstool-NG/builds/xtensa-lx106-elf/xtensa-lx106-elf/sysroot --with-sysroot=/builds/idf/crosstool-NG/builds/xtensa-lx106-elf/xtensa-lx106-elf/sysroot --with-newlib --enable-threads=no --disable-shared --with-pkgversion='crosstool-NG crosstool-ng-1.22.0-100-ge567ec7' --disable-__cxa_atexit --enable-cxx-flags='-fno-exceptions -fno-rtti' --with-gmp=/builds/idf/crosstool-NG/.build/xtensa-lx106-elf/buildtools --with-mpfr=/builds/idf/crosstool-NG/.build/xtensa-lx106-elf/buildtools --with-mpc=/builds/idf/crosstool-NG/.build/xtensa-lx106-elf/buildtools --with-isl=/builds/idf/crosstool-NG/.build/xtensa-lx106-elf/buildtools --with-cloog=/builds/idf/crosstool-NG/.build/xtensa-lx106-elf/buildtools --with-libelf=/builds/idf/crosstool-NG/.build/xtensa-lx106-elf/buildtools --enable-lto --enable-target-optspace --without-long-double-128 --disable-libgomp --disable-libmudflap --disable-libssp --disable-libquadmath --disable-libquadmath-support --disable-nls --disable-multilib --enable-languages=c,c++
Thread model: single
gcc version 5.2.0 (crosstool-NG crosstool-ng-1.22.0-100-ge567ec7) 
COMPILER_PATH=/home/nano/esp/xtensa-lx106-elf/bin/../libexec/gcc/xtensa-lx106-elf/5.2.0/:/home/nano/esp/xtensa-lx106-elf/bin/../libexec/gcc/:/home/nano/esp/xtensa-lx106-elf/bin/../lib/gcc/xtensa-lx106-elf/5.2.0/../../../../xtensa-lx106-elf/bin/
LIBRARY_PATH=/home/nano/esp/xtensa-lx106-elf/bin/../lib/gcc/xtensa-lx106-elf/5.2.0/:/home/nano/esp/xtensa-lx106-elf/bin/../lib/gcc/:/home/nano/esp/xtensa-lx106-elf/bin/../lib/gcc/xtensa-lx106-elf/5.2.0/../../../../xtensa-lx106-elf/lib/:/home/nano/esp/xtensa-lx106-elf/bin/../xtensa-lx106-elf/sysroot/lib/:/home/nano/esp/xtensa-lx106-elf/bin/../xtensa-lx106-elf/sysroot/usr/lib/
COLLECT_GCC_OPTIONS='-mlongcalls' '-Wno-frame-address' '-nostdlib' '-v' '-o' 'cmTC_348bf'
 /home/nano/esp/xtensa-lx106-elf/bin/../libexec/gcc/xtensa-lx106-elf/5.2.0/collect2 -plugin /home/nano/esp/xtensa-lx106-elf/bin/../libexec/gcc/xtensa-lx106-elf/5.2.0/liblto_plugin.so -plugin-opt=/home/nano/esp/xtensa-lx106-elf/bin/../libexec/gcc/xtensa-lx106-elf/5.2.0/lto-wrapper -plugin-opt=-fresolution=/tmp/ccfoEEag.res --sysroot=/home/nano/esp/xtensa-lx106-elf/bin/../xtensa-lx106-elf/sysroot -o cmTC_348bf -L/home/nano/esp/xtensa-lx106-elf/bin/../lib/gcc/xtensa-lx106-elf/5.2.0 -L/home/nano/esp/xtensa-lx106-elf/bin/../lib/gcc -L/home/nano/esp/xtensa-lx106-elf/bin/../lib/gcc/xtensa-lx106-elf/5.2.0/../../../../xtensa-lx106-elf/lib -L/home/nano/esp/xtensa-lx106-elf/bin/../xtensa-lx106-elf/sysroot/lib -L/home/nano/esp/xtensa-lx106-elf/bin/../xtensa-lx106-elf/sysroot/usr/lib --gc-sections CMakeFiles/cmTC_348bf.dir/CMakeCXXCompilerABI.cpp.obj
/home/nano/esp/xtensa-lx106-elf/bin/../lib/gcc/xtensa-lx106-elf/5.2.0/../../../../xtensa-lx106-elf/bin/ld: warning: cannot find entry symbol _start; not setting start address


Parsed CXX implicit link information from above output:
  link line regex: [^( *|.*[/\])(xtensa-lx106-elf-ld|([^/\]+-)?ld|collect2)[^/\]*( |$)]
  ignore line: [Change Dir: /home/nano/esp/aircon/build/CMakeFiles/CMakeTmp]
  ignore line: []
  ignore line: [Run Build Command:"/usr/bin/ninja" "cmTC_348bf"]
  ignore line: [[1/2] Building CXX object CMakeFiles/cmTC_348bf.dir/CMakeCXXCompilerABI.cpp.obj]
  ignore line: [[2/2] Linking CXX executable cmTC_348bf]
  ignore line: [Using built-in specs.]
  ignore line: [COLLECT_GCC=/home/nano/esp/xtensa-lx106-elf/bin/xtensa-lx106-elf-g++]
  ignore line: [COLLECT_LTO_WRAPPER=/home/nano/esp/xtensa-lx106-elf/bin/../libexec/gcc/xtensa-lx106-elf/5.2.0/lto-wrapper]
  ignore line: [Target: xtensa-lx106-elf]
  ignore line: [Configured with: /builds/idf/crosstool-NG/.build/src/gcc-5.2.0/configure --build=x86_64-build_pc-linux-gnu --host=x86_64-build_pc-linux-gnu --target=xtensa-lx106-elf --prefix=/builds/idf/crosstool-NG/builds/xtensa-lx106-elf --with-local-prefix=/builds/idf/crosstool-NG/builds/xtensa-lx106-elf/xtensa-lx106-elf/sysroot --with-sysroot=/builds/idf/crosstool-NG/builds/xtensa-lx106-elf/xtensa-lx106-elf/sysroot --with-newlib --enable-threads=no --disable-shared --with-pkgversion='crosstool-NG crosstool-ng-1.22.0-100-ge567ec7' --disable-__cxa_atexit --enable-cxx-flags='-fno-exceptions -fno-rtti' --with-gmp=/builds/idf/crosstool-NG/.build/xtensa-lx106-elf/buildtools --with-mpfr=/builds/idf/crosstool-NG/.build/xtensa-lx106-elf/buildtools --with-mpc=/builds/idf/crosstool-NG/.build/xtensa-lx106-elf/buildtools --with-isl=/builds/idf/crosstool-NG/.build/xtensa-lx106-elf/buildtools --with-cloog=/builds/idf/crosstool-NG/.build/xtensa-lx106-elf/buildtools --with-libelf=/builds/idf/crosstool-NG/.build/xtensa-lx106-elf/buildtools --enable-lto --enable-target-optspace --without-long-double-128 --disable-libgomp --disable-libmudflap --disable-libssp --disable-libquadmath --disable-libquadmath-support --disable-nls --disable-multilib --enable-languages=c,c++]
  ignore line: [Thread model: single]
  ignore line: [gcc version 5.2.0 (crosstool-NG crosstool-ng-1.22.0-100-ge567ec7) ]
  ignore line: [COMPILER_PATH=/home/nano/esp/xtensa-lx106-elf/bin/../libexec/gcc/xtensa-lx106-elf/5.2.0/:/home/nano/esp/xtensa-lx106-elf/bin/../libexec/gcc/:/home/nano/esp/xtensa-lx106-elf/bin/../lib/gcc/xtensa-lx106-elf/5.2.0/../../../../xtensa-lx106-elf/bin/]
  ignore line: [LIBRARY_PATH=/home/nano/esp/xtensa-lx106-elf/bin/../lib/gcc/xtensa-lx106-elf/5.2.0/:/home/nano/esp/xtensa-lx106-elf/bin/../lib/gcc/:/home/nano/esp/xtensa-lx106-elf/bin/../lib/gcc/xtensa-lx106-elf/5.2.0/../../../../xtensa-lx106-elf/lib/:/home/nano/esp/xtensa-lx106-elf/bin/../xtensa-lx106-elf/sysroot/lib/:/home/nano/esp/xtensa-lx106-elf/bin/../xtensa-lx106-elf/sysroot/usr/lib/]
  ignore line: [COLLECT_GCC_OPTIONS='-mlongcalls' '-Wno-frame-address' '-nostdlib' '-v' '-o' 'cmTC_348bf']
  link line: [ /home/nano/esp/xtensa-lx106-elf/bin/../libexec/gcc/xtensa-lx106-elf/5.2.0/collect2 -plugin /home/nano/esp/xtensa-lx106-elf/bin/../libexec/gcc/xtensa-lx106-elf/5.2.0/liblto_plugin.so -plugin-opt=/home/nano/esp/xtensa-lx106-elf/bin/../libexec/gcc/xtensa-lx106-elf/5.2.0/lto-wrapper -plugin-opt=-fresolution=/tmp/ccfoEEag.res --sysroot=/home/nano/esp/xtensa-lx106-elf/bin/../xtensa-lx106-elf/sysroot -o cmTC_348bf -L/home/nano/esp/xtensa-lx106-elf/bin/../lib/gcc/xtensa-lx106-elf/5.2.0 -L/home/nano/esp/xtensa-lx106-elf/bin/../lib/gcc -L/home/nano/esp/xtensa-lx106-elf/bin/../lib/gcc/xtensa-lx106-elf/5.2.0/../../../../xtensa-lx106-elf/lib -L/home/nano/esp/xtensa-lx106-elf/bin/../xtensa-lx106-elf/sysroot/lib -L/home/nano/esp/xtensa-lx106-elf/bin/../xtensa-lx106-elf/sysroot/usr/lib --gc-sections CMakeFiles/cmTC_348bf.dir/CMakeCXXCompilerABI.cpp.obj]
    arg [/home/nano/esp/xtensa-lx106-elf/bin/../libexec/gcc/xtensa-lx106-elf/5.2.0/collect2] ==> ignore
    arg [-plugin] ==> ignore
    arg [/home/nano/esp/xtensa-lx106-elf/bin/../libexec/gcc/xtensa-lx106-elf/5.2.0/liblto_plugin.so] ==> ignore
    arg [-plugin-opt=/home/nano/esp/xtensa-lx106-elf/bin/../libexec/gcc/xtensa-lx106-elf/5.2.0/lto-wrapper] ==> ignore
    arg [-plugin-opt=-fresolution=/tmp/ccfoEEag.res] ==> ignore
    arg [--sysroot=/home/nano/esp/xtensa-lx106-elf/bin/../xtensa-lx106-elf/sysroot] ==> ignore
    arg [-o] ==> ignore
    arg [cmTC_348bf] ==> ignore
    arg [-L/home/nano/esp/xtensa-lx106-elf/bin/../lib/gcc/xtensa-lx106-elf/5.2.0] ==> dir [/home/nano/esp/xtensa-lx106-elf/bin/../lib/gcc/xtensa-lx106-elf/5.2.0]
    arg [-L/home/nano/esp/xtensa-lx106-elf/bin/../lib/gcc] ==> dir [/home/nano/esp/xtensa-lx106-elf/bin/../lib/gcc]
    arg [-L/home/nano/esp/xtensa-lx106-elf/bin/../lib/gcc/xtensa-lx106-elf/5.2.0/../../../../xtensa-lx106-elf/lib] ==> dir [/home/nano/esp/xtensa-lx106-elf/bin/../lib/gcc/xtensa-lx106-elf/5.2.0/../../../../xtensa-lx106-elf/lib]
    arg [-L/home/nano/esp/xtensa-lx106-elf/bin/../xtensa-lx106-elf/sysroot/lib] ==> dir [/home/nano/esp/xtensa-lx106-elf/bin/../xtensa-lx106-elf/sysroot/lib]
    arg [-L/home/nano/esp/xtensa-lx106-elf/bin/../xtensa-lx106-elf/sysroot/usr/lib] ==> dir [/home/nano/esp/xtensa-lx106-elf/bin/../xtensa-lx106-elf/sysroot/usr/lib]
    arg [--gc-sections] ==> ignore
    arg [CMakeFiles/cmTC_348bf.dir/CMakeCXXCompilerABI.cpp.obj] ==> ignore
  collapse library dir [/home/nano/esp/xtensa-lx106-elf/bin/../lib/gcc/xtensa-lx106-elf/5.2.0] ==> [/home/nano/esp/xtensa-lx106-elf/lib/gcc/xtensa-lx106-elf/5.2.0]
  collapse library dir [/home/nano/esp/xtensa-lx106-elf/bin/../lib/gcc] ==> [/home/nano/esp/xtensa-lx106-elf/lib/gcc]
  collapse library dir [/home/nano/esp/xtensa-lx106-elf/bin/../lib/gcc/xtensa-lx106-elf/5.2.0/../../../../xtensa-lx106-elf/lib] ==> [/home/nano/esp/xtensa-lx106-elf/xtensa-lx106-elf/lib]
  collapse library dir [/home/nano/esp/xtensa-lx106-elf/bin/../xtensa-lx106-elf/sysroot/lib] ==> [/home/nano/esp/xtensa-lx106-elf/xtensa-lx106-elf/sysroot/lib]
  collapse library dir [/home/nano/esp/xtensa-lx106-elf/bin/../xtensa-lx106-elf/sysroot/usr/lib] ==> [/home/nano/esp/xtensa-lx106-elf/xtensa-lx106-elf/sysroot/usr/lib]
  implicit libs: []
  implicit dirs: [/home/nano/esp/xtensa-lx106-elf/lib/gcc/xtensa-lx106-elf/5.2.0;/home/nano/esp/xtensa-lx106-elf/lib/gcc;/home/nano/esp/xtensa-lx106-elf/xtensa-lx106-elf/lib;/home/nano/esp/xtensa-lx106-elf/xtensa-lx106-elf/sysroot/lib;/home/nano/esp/xtensa-lx106-elf/xtensa-lx106-elf/sysroot/usr/lib]
  implicit fwks: []




Detecting CXX [-std=c++14] compiler features compiled with the following output:
Change Dir: /home/nano/esp/aircon/build/CMakeFiles/CMakeTmp

Run Build Command:"/usr/bin/ninja" "cmTC_b4c89"
[1/2] Building CXX object CMakeFiles/cmTC_b4c89.dir/feature_tests.cxx.obj
[2/2] Linking CXX executable cmTC_b4c89
/home/nano/esp/xtensa-lx106-elf/bin/../lib/gcc/xtensa-lx106-elf/5.2.0/../../../../xtensa-lx106-elf/bin/ld: warning: cannot find entry symbol _start; not setting start address




Detecting CXX [-std=c++11] compiler features compiled with the following output:
Change Dir: /home/nano/esp/aircon/build/CMakeFiles/CMakeTmp

Run Build Command:"/usr/bin/ninja" "cmTC_34626"
[1/2] Building CXX object CMakeFiles/cmTC_34626.dir/feature_tests.cxx.obj
[2/2] Linking CXX executable cmTC_34626
/home/nano/esp/xtensa-lx106-elf/bin/../lib/gcc/xtensa-lx106-elf/5.2.0/../../../../xtensa-lx106-elf/bin/ld: warning: cannot find entry symbol _start; not setting start address




Detecting CXX [-std=c++98] compiler features compiled with the following output:
Change Dir: /home/nano/esp/aircon/build/CMakeFiles/CMakeTmp

Run Build Command:"/usr/bin/ninja" "cmTC_cdcc8"
[1/2] Building CXX object CMakeFiles/cmTC_cdcc8.dir/feature_tests.cxx.obj
[2/2] Linking CXX executable cmTC_cdcc8
/home/nano/esp/xtensa-lx106-elf/bin/../lib/gcc/xtensa-lx106-elf/5.2.0/../../../../xtensa-lx106-elf/bin/ld: warning: cannot find entry symbol _start; not setting start address


