The target system is: Generic -  - 
The host system is: Linux - 4.19.104-microsoft-standard - x86_64
Compiling the C compiler identification source file "CMakeCCompilerId.c" succeeded.
Compiler: /home/nano/esp/xtensa-lx106-elf/bin/xtensa-lx106-elf-gcc 
Build flags: -mlongcalls;-Wno-frame-address
Id flags: -c

The output was:
0


Compilation of the C compiler identification source "CMakeCCompilerId.c" produced "CMakeCCompilerId.o"

The C compiler identification is GNU, found in "/home/nano/esp/aircon/bootloader/CMakeFiles/3.5.1/CompilerIdC/CMakeCCompilerId.o"

Compiling the CXX compiler identification source file "CMakeCXXCompilerId.cpp" succeeded.
Compiler: /home/nano/esp/xtensa-lx106-elf/bin/xtensa-lx106-elf-g++ 
Build flags: -mlongcalls;-Wno-frame-address
Id flags: -c

The output was:
0


Compilation of the CXX compiler identification source "CMakeCXXCompilerId.cpp" produced "CMakeCXXCompilerId.o"

The CXX compiler identification is GNU, found in "/home/nano/esp/aircon/bootloader/CMakeFiles/3.5.1/CompilerIdCXX/CMakeCXXCompilerId.o"

Checking whether the ASM compiler is GNU using "--version" matched "(GNU assembler)|(GCC)|(Free Software Foundation)":
xtensa-lx106-elf-gcc (crosstool-NG crosstool-ng-1.22.0-100-ge567ec7) 5.2.0
Copyright (C) 2015 Free Software Foundation, Inc.
This is free software; see the source for copying conditions.  There is NO
warranty; not even for MERCHANTABILITY or FITNESS FOR A PARTICULAR PURPOSE.

Determining if the C compiler works passed with the following output:
Change Dir: /home/nano/esp/aircon/bootloader/CMakeFiles/CMakeTmp

Run Build Command:"/usr/bin/make" "cmTC_4758a/fast"
make[3]: Entering directory '/home/nano/esp/aircon/bootloader/CMakeFiles/CMakeTmp'
/usr/bin/make -f CMakeFiles/cmTC_4758a.dir/build.make CMakeFiles/cmTC_4758a.dir/build
make[4]: Entering directory '/home/nano/esp/aircon/bootloader/CMakeFiles/CMakeTmp'
Building C object CMakeFiles/cmTC_4758a.dir/testCCompiler.c.obj
/home/nano/esp/xtensa-lx106-elf/bin/xtensa-lx106-elf-gcc    -mlongcalls -Wno-frame-address    -o CMakeFiles/cmTC_4758a.dir/testCCompiler.c.obj   -c /home/nano/esp/aircon/bootloader/CMakeFiles/CMakeTmp/testCCompiler.c
Linking C executable cmTC_4758a
/usr/bin/cmake -E cmake_link_script CMakeFiles/cmTC_4758a.dir/link.txt --verbose=1
/home/nano/esp/xtensa-lx106-elf/bin/xtensa-lx106-elf-gcc  -mlongcalls -Wno-frame-address   -nostdlib -Wl,--gc-sections  CMakeFiles/cmTC_4758a.dir/testCCompiler.c.obj  -o cmTC_4758a 
/home/nano/esp/xtensa-lx106-elf/bin/../lib/gcc/xtensa-lx106-elf/5.2.0/../../../../xtensa-lx106-elf/bin/ld: warning: cannot find entry symbol _start; not setting start address
make[4]: Leaving directory '/home/nano/esp/aircon/bootloader/CMakeFiles/CMakeTmp'
make[3]: Leaving directory '/home/nano/esp/aircon/bootloader/CMakeFiles/CMakeTmp'


Detecting C compiler ABI info compiled with the following output:
Change Dir: /home/nano/esp/aircon/bootloader/CMakeFiles/CMakeTmp

Run Build Command:"/usr/bin/make" "cmTC_e6ede/fast"
make[3]: Entering directory '/home/nano/esp/aircon/bootloader/CMakeFiles/CMakeTmp'
/usr/bin/make -f CMakeFiles/cmTC_e6ede.dir/build.make CMakeFiles/cmTC_e6ede.dir/build
make[4]: Entering directory '/home/nano/esp/aircon/bootloader/CMakeFiles/CMakeTmp'
Building C object CMakeFiles/cmTC_e6ede.dir/CMakeCCompilerABI.c.obj
/home/nano/esp/xtensa-lx106-elf/bin/xtensa-lx106-elf-gcc    -mlongcalls -Wno-frame-address    -o CMakeFiles/cmTC_e6ede.dir/CMakeCCompilerABI.c.obj   -c /usr/share/cmake-3.5/Modules/CMakeCCompilerABI.c
Linking C executable cmTC_e6ede
/usr/bin/cmake -E cmake_link_script CMakeFiles/cmTC_e6ede.dir/link.txt --verbose=1
/home/nano/esp/xtensa-lx106-elf/bin/xtensa-lx106-elf-gcc  -mlongcalls -Wno-frame-address   -nostdlib -Wl,--gc-sections -v CMakeFiles/cmTC_e6ede.dir/CMakeCCompilerABI.c.obj  -o cmTC_e6ede  
Using built-in specs.
COLLECT_GCC=/home/nano/esp/xtensa-lx106-elf/bin/xtensa-lx106-elf-gcc
COLLECT_LTO_WRAPPER=/home/nano/esp/xtensa-lx106-elf/bin/../libexec/gcc/xtensa-lx106-elf/5.2.0/lto-wrapper
Target: xtensa-lx106-elf
Configured with: /builds/idf/crosstool-NG/.build/src/gcc-5.2.0/configure --build=x86_64-build_pc-linux-gnu --host=x86_64-build_pc-linux-gnu --target=xtensa-lx106-elf --prefix=/builds/idf/crosstool-NG/builds/xtensa-lx106-elf --with-local-prefix=/builds/idf/crosstool-NG/builds/xtensa-lx106-elf/xtensa-lx106-elf/sysroot --with-sysroot=/builds/idf/crosstool-NG/builds/xtensa-lx106-elf/xtensa-lx106-elf/sysroot --with-newlib --enable-threads=no --disable-shared --with-pkgversion='crosstool-NG crosstool-ng-1.22.0-100-ge567ec7' --disable-__cxa_atexit --enable-cxx-flags='-fno-exceptions -fno-rtti' --with-gmp=/builds/idf/crosstool-NG/.build/xtensa-lx106-elf/buildtools --with-mpfr=/builds/idf/crosstool-NG/.build/xtensa-lx106-elf/buildtools --with-mpc=/builds/idf/crosstool-NG/.build/xtensa-lx106-elf/buildtools --with-isl=/builds/idf/crosstool-NG/.build/xtensa-lx106-elf/buildtools --with-cloog=/builds/idf/crosstool-NG/.build/xtensa-lx106-elf/buildtools --with-libelf=/builds/idf/crosstool-NG/.build/xtensa-lx106-elf/buildtools --enable-lto --enable-target-optspace --without-long-double-128 --disable-libgomp --disable-libmudflap --disable-libssp --disable-libquadmath --disable-libquadmath-support --disable-nls --disable-multilib --enable-languages=c,c++
Thread model: single
gcc version 5.2.0 (crosstool-NG crosstool-ng-1.22.0-100-ge567ec7) 
COMPILER_PATH=/home/nano/esp/xtensa-lx106-elf/bin/../libexec/gcc/xtensa-lx106-elf/5.2.0/:/home/nano/esp/xtensa-lx106-elf/bin/../libexec/gcc/:/home/nano/esp/xtensa-lx106-elf/bin/../lib/gcc/xtensa-lx106-elf/5.2.0/../../../../xtensa-lx106-elf/bin/
LIBRARY_PATH=/home/nano/esp/xtensa-lx106-elf/bin/../lib/gcc/xtensa-lx106-elf/5.2.0/:/home/nano/esp/xtensa-lx106-elf/bin/../lib/gcc/:/home/nano/esp/xtensa-lx106-elf/bin/../lib/gcc/xtensa-lx106-elf/5.2.0/../../../../xtensa-lx106-elf/lib/:/home/nano/esp/xtensa-lx106-elf/bin/../xtensa-lx106-elf/sysroot/lib/:/home/nano/esp/xtensa-lx106-elf/bin/../xtensa-lx106-elf/sysroot/usr/lib/
COLLECT_GCC_OPTIONS='-mlongcalls' '-Wno-frame-address' '-nostdlib' '-v' '-o' 'cmTC_e6ede'
 /home/nano/esp/xtensa-lx106-elf/bin/../libexec/gcc/xtensa-lx106-elf/5.2.0/collect2 -plugin /home/nano/esp/xtensa-lx106-elf/bin/../libexec/gcc/xtensa-lx106-elf/5.2.0/liblto_plugin.so -plugin-opt=/home/nano/esp/xtensa-lx106-elf/bin/../libexec/gcc/xtensa-lx106-elf/5.2.0/lto-wrapper -plugin-opt=-fresolution=/tmp/ccd5pDSg.res --sysroot=/home/nano/esp/xtensa-lx106-elf/bin/../xtensa-lx106-elf/sysroot -o cmTC_e6ede -L/home/nano/esp/xtensa-lx106-elf/bin/../lib/gcc/xtensa-lx106-elf/5.2.0 -L/home/nano/esp/xtensa-lx106-elf/bin/../lib/gcc -L/home/nano/esp/xtensa-lx106-elf/bin/../lib/gcc/xtensa-lx106-elf/5.2.0/../../../../xtensa-lx106-elf/lib -L/home/nano/esp/xtensa-lx106-elf/bin/../xtensa-lx106-elf/sysroot/lib -L/home/nano/esp/xtensa-lx106-elf/bin/../xtensa-lx106-elf/sysroot/usr/lib --gc-sections CMakeFiles/cmTC_e6ede.dir/CMakeCCompilerABI.c.obj
/home/nano/esp/xtensa-lx106-elf/bin/../lib/gcc/xtensa-lx106-elf/5.2.0/../../../../xtensa-lx106-elf/bin/ld: warning: cannot find entry symbol _start; not setting start address
make[4]: Leaving directory '/home/nano/esp/aircon/bootloader/CMakeFiles/CMakeTmp'
make[3]: Leaving directory '/home/nano/esp/aircon/bootloader/CMakeFiles/CMakeTmp'


Parsed C implicit link information from above output:
  link line regex: [^( *|.*[/\])(xtensa-lx106-elf-ld|([^/\]+-)?ld|collect2)[^/\]*( |$)]
  ignore line: [Change Dir: /home/nano/esp/aircon/bootloader/CMakeFiles/CMakeTmp]
  ignore line: []
  ignore line: [Run Build Command:"/usr/bin/make" "cmTC_e6ede/fast"]
  ignore line: [make[3]: Entering directory '/home/nano/esp/aircon/bootloader/CMakeFiles/CMakeTmp']
  ignore line: [/usr/bin/make -f CMakeFiles/cmTC_e6ede.dir/build.make CMakeFiles/cmTC_e6ede.dir/build]
  ignore line: [make[4]: Entering directory '/home/nano/esp/aircon/bootloader/CMakeFiles/CMakeTmp']
  ignore line: [Building C object CMakeFiles/cmTC_e6ede.dir/CMakeCCompilerABI.c.obj]
  ignore line: [/home/nano/esp/xtensa-lx106-elf/bin/xtensa-lx106-elf-gcc    -mlongcalls -Wno-frame-address    -o CMakeFiles/cmTC_e6ede.dir/CMakeCCompilerABI.c.obj   -c /usr/share/cmake-3.5/Modules/CMakeCCompilerABI.c]
  ignore line: [Linking C executable cmTC_e6ede]
  ignore line: [/usr/bin/cmake -E cmake_link_script CMakeFiles/cmTC_e6ede.dir/link.txt --verbose=1]
  ignore line: [/home/nano/esp/xtensa-lx106-elf/bin/xtensa-lx106-elf-gcc  -mlongcalls -Wno-frame-address   -nostdlib -Wl,--gc-sections -v CMakeFiles/cmTC_e6ede.dir/CMakeCCompilerABI.c.obj  -o cmTC_e6ede  ]
  ignore line: [Using built-in specs.]
  ignore line: [COLLECT_GCC=/home/nano/esp/xtensa-lx106-elf/bin/xtensa-lx106-elf-gcc]
  ignore line: [COLLECT_LTO_WRAPPER=/home/nano/esp/xtensa-lx106-elf/bin/../libexec/gcc/xtensa-lx106-elf/5.2.0/lto-wrapper]
  ignore line: [Target: xtensa-lx106-elf]
  ignore line: [Configured with: /builds/idf/crosstool-NG/.build/src/gcc-5.2.0/configure --build=x86_64-build_pc-linux-gnu --host=x86_64-build_pc-linux-gnu --target=xtensa-lx106-elf --prefix=/builds/idf/crosstool-NG/builds/xtensa-lx106-elf --with-local-prefix=/builds/idf/crosstool-NG/builds/xtensa-lx106-elf/xtensa-lx106-elf/sysroot --with-sysroot=/builds/idf/crosstool-NG/builds/xtensa-lx106-elf/xtensa-lx106-elf/sysroot --with-newlib --enable-threads=no --disable-shared --with-pkgversion='crosstool-NG crosstool-ng-1.22.0-100-ge567ec7' --disable-__cxa_atexit --enable-cxx-flags='-fno-exceptions -fno-rtti' --with-gmp=/builds/idf/crosstool-NG/.build/xtensa-lx106-elf/buildtools --with-mpfr=/builds/idf/crosstool-NG/.build/xtensa-lx106-elf/buildtools --with-mpc=/builds/idf/crosstool-NG/.build/xtensa-lx106-elf/buildtools --with-isl=/builds/idf/crosstool-NG/.build/xtensa-lx106-elf/buildtools --with-cloog=/builds/idf/crosstool-NG/.build/xtensa-lx106-elf/buildtools --with-libelf=/builds/idf/crosstool-NG/.build/xtensa-lx106-elf/buildtools --enable-lto --enable-target-optspace --without-long-double-128 --disable-libgomp --disable-libmudflap --disable-libssp --disable-libquadmath --disable-libquadmath-support --disable-nls --disable-multilib --enable-languages=c,c++]
  ignore line: [Thread model: single]
  ignore line: [gcc version 5.2.0 (crosstool-NG crosstool-ng-1.22.0-100-ge567ec7) ]
  ignore line: [COMPILER_PATH=/home/nano/esp/xtensa-lx106-elf/bin/../libexec/gcc/xtensa-lx106-elf/5.2.0/:/home/nano/esp/xtensa-lx106-elf/bin/../libexec/gcc/:/home/nano/esp/xtensa-lx106-elf/bin/../lib/gcc/xtensa-lx106-elf/5.2.0/../../../../xtensa-lx106-elf/bin/]
  ignore line: [LIBRARY_PATH=/home/nano/esp/xtensa-lx106-elf/bin/../lib/gcc/xtensa-lx106-elf/5.2.0/:/home/nano/esp/xtensa-lx106-elf/bin/../lib/gcc/:/home/nano/esp/xtensa-lx106-elf/bin/../lib/gcc/xtensa-lx106-elf/5.2.0/../../../../xtensa-lx106-elf/lib/:/home/nano/esp/xtensa-lx106-elf/bin/../xtensa-lx106-elf/sysroot/lib/:/home/nano/esp/xtensa-lx106-elf/bin/../xtensa-lx106-elf/sysroot/usr/lib/]
  ignore line: [COLLECT_GCC_OPTIONS='-mlongcalls' '-Wno-frame-address' '-nostdlib' '-v' '-o' 'cmTC_e6ede']
  link line: [ /home/nano/esp/xtensa-lx106-elf/bin/../libexec/gcc/xtensa-lx106-elf/5.2.0/collect2 -plugin /home/nano/esp/xtensa-lx106-elf/bin/../libexec/gcc/xtensa-lx106-elf/5.2.0/liblto_plugin.so -plugin-opt=/home/nano/esp/xtensa-lx106-elf/bin/../libexec/gcc/xtensa-lx106-elf/5.2.0/lto-wrapper -plugin-opt=-fresolution=/tmp/ccd5pDSg.res --sysroot=/home/nano/esp/xtensa-lx106-elf/bin/../xtensa-lx106-elf/sysroot -o cmTC_e6ede -L/home/nano/esp/xtensa-lx106-elf/bin/../lib/gcc/xtensa-lx106-elf/5.2.0 -L/home/nano/esp/xtensa-lx106-elf/bin/../lib/gcc -L/home/nano/esp/xtensa-lx106-elf/bin/../lib/gcc/xtensa-lx106-elf/5.2.0/../../../../xtensa-lx106-elf/lib -L/home/nano/esp/xtensa-lx106-elf/bin/../xtensa-lx106-elf/sysroot/lib -L/home/nano/esp/xtensa-lx106-elf/bin/../xtensa-lx106-elf/sysroot/usr/lib --gc-sections CMakeFiles/cmTC_e6ede.dir/CMakeCCompilerABI.c.obj]
    arg [/home/nano/esp/xtensa-lx106-elf/bin/../libexec/gcc/xtensa-lx106-elf/5.2.0/collect2] ==> ignore
    arg [-plugin] ==> ignore
    arg [/home/nano/esp/xtensa-lx106-elf/bin/../libexec/gcc/xtensa-lx106-elf/5.2.0/liblto_plugin.so] ==> ignore
    arg [-plugin-opt=/home/nano/esp/xtensa-lx106-elf/bin/../libexec/gcc/xtensa-lx106-elf/5.2.0/lto-wrapper] ==> ignore
    arg [-plugin-opt=-fresolution=/tmp/ccd5pDSg.res] ==> ignore
    arg [--sysroot=/home/nano/esp/xtensa-lx106-elf/bin/../xtensa-lx106-elf/sysroot] ==> ignore
    arg [-o] ==> ignore
    arg [cmTC_e6ede] ==> ignore
    arg [-L/home/nano/esp/xtensa-lx106-elf/bin/../lib/gcc/xtensa-lx106-elf/5.2.0] ==> dir [/home/nano/esp/xtensa-lx106-elf/bin/../lib/gcc/xtensa-lx106-elf/5.2.0]
    arg [-L/home/nano/esp/xtensa-lx106-elf/bin/../lib/gcc] ==> dir [/home/nano/esp/xtensa-lx106-elf/bin/../lib/gcc]
    arg [-L/home/nano/esp/xtensa-lx106-elf/bin/../lib/gcc/xtensa-lx106-elf/5.2.0/../../../../xtensa-lx106-elf/lib] ==> dir [/home/nano/esp/xtensa-lx106-elf/bin/../lib/gcc/xtensa-lx106-elf/5.2.0/../../../../xtensa-lx106-elf/lib]
    arg [-L/home/nano/esp/xtensa-lx106-elf/bin/../xtensa-lx106-elf/sysroot/lib] ==> dir [/home/nano/esp/xtensa-lx106-elf/bin/../xtensa-lx106-elf/sysroot/lib]
    arg [-L/home/nano/esp/xtensa-lx106-elf/bin/../xtensa-lx106-elf/sysroot/usr/lib] ==> dir [/home/nano/esp/xtensa-lx106-elf/bin/../xtensa-lx106-elf/sysroot/usr/lib]
    arg [--gc-sections] ==> ignore
    arg [CMakeFiles/cmTC_e6ede.dir/CMakeCCompilerABI.c.obj] ==> ignore
  collapse library dir [/home/nano/esp/xtensa-lx106-elf/bin/../lib/gcc/xtensa-lx106-elf/5.2.0] ==> [/home/nano/esp/xtensa-lx106-elf/lib/gcc/xtensa-lx106-elf/5.2.0]
  collapse library dir [/home/nano/esp/xtensa-lx106-elf/bin/../lib/gcc] ==> [/home/nano/esp/xtensa-lx106-elf/lib/gcc]
  collapse library dir [/home/nano/esp/xtensa-lx106-elf/bin/../lib/gcc/xtensa-lx106-elf/5.2.0/../../../../xtensa-lx106-elf/lib] ==> [/home/nano/esp/xtensa-lx106-elf/xtensa-lx106-elf/lib]
  collapse library dir [/home/nano/esp/xtensa-lx106-elf/bin/../xtensa-lx106-elf/sysroot/lib] ==> [/home/nano/esp/xtensa-lx106-elf/xtensa-lx106-elf/sysroot/lib]
  collapse library dir [/home/nano/esp/xtensa-lx106-elf/bin/../xtensa-lx106-elf/sysroot/usr/lib] ==> [/home/nano/esp/xtensa-lx106-elf/xtensa-lx106-elf/sysroot/usr/lib]
  implicit libs: []
  implicit dirs: [/home/nano/esp/xtensa-lx106-elf/lib/gcc/xtensa-lx106-elf/5.2.0;/home/nano/esp/xtensa-lx106-elf/lib/gcc;/home/nano/esp/xtensa-lx106-elf/xtensa-lx106-elf/lib;/home/nano/esp/xtensa-lx106-elf/xtensa-lx106-elf/sysroot/lib;/home/nano/esp/xtensa-lx106-elf/xtensa-lx106-elf/sysroot/usr/lib]
  implicit fwks: []




Detecting C [-std=c11] compiler features compiled with the following output:
Change Dir: /home/nano/esp/aircon/bootloader/CMakeFiles/CMakeTmp

Run Build Command:"/usr/bin/make" "cmTC_e9566/fast"
make[3]: Entering directory '/home/nano/esp/aircon/bootloader/CMakeFiles/CMakeTmp'
/usr/bin/make -f CMakeFiles/cmTC_e9566.dir/build.make CMakeFiles/cmTC_e9566.dir/build
make[4]: Entering directory '/home/nano/esp/aircon/bootloader/CMakeFiles/CMakeTmp'
Building C object CMakeFiles/cmTC_e9566.dir/feature_tests.c.obj
/home/nano/esp/xtensa-lx106-elf/bin/xtensa-lx106-elf-gcc    -mlongcalls -Wno-frame-address    -std=c11 -o CMakeFiles/cmTC_e9566.dir/feature_tests.c.obj   -c /home/nano/esp/aircon/bootloader/CMakeFiles/feature_tests.c
Linking C executable cmTC_e9566
/usr/bin/cmake -E cmake_link_script CMakeFiles/cmTC_e9566.dir/link.txt --verbose=1
/home/nano/esp/xtensa-lx106-elf/bin/xtensa-lx106-elf-gcc  -mlongcalls -Wno-frame-address   -nostdlib -Wl,--gc-sections  CMakeFiles/cmTC_e9566.dir/feature_tests.c.obj  -o cmTC_e9566 
/home/nano/esp/xtensa-lx106-elf/bin/../lib/gcc/xtensa-lx106-elf/5.2.0/../../../../xtensa-lx106-elf/bin/ld: warning: cannot find entry symbol _start; not setting start address
make[4]: Leaving directory '/home/nano/esp/aircon/bootloader/CMakeFiles/CMakeTmp'
make[3]: Leaving directory '/home/nano/esp/aircon/bootloader/CMakeFiles/CMakeTmp'




Detecting C [-std=c99] compiler features compiled with the following output:
Change Dir: /home/nano/esp/aircon/bootloader/CMakeFiles/CMakeTmp

Run Build Command:"/usr/bin/make" "cmTC_8ea2e/fast"
make[3]: Entering directory '/home/nano/esp/aircon/bootloader/CMakeFiles/CMakeTmp'
/usr/bin/make -f CMakeFiles/cmTC_8ea2e.dir/build.make CMakeFiles/cmTC_8ea2e.dir/build
make[4]: Entering directory '/home/nano/esp/aircon/bootloader/CMakeFiles/CMakeTmp'
Building C object CMakeFiles/cmTC_8ea2e.dir/feature_tests.c.obj
/home/nano/esp/xtensa-lx106-elf/bin/xtensa-lx106-elf-gcc    -mlongcalls -Wno-frame-address    -std=c99 -o CMakeFiles/cmTC_8ea2e.dir/feature_tests.c.obj   -c /home/nano/esp/aircon/bootloader/CMakeFiles/feature_tests.c
Linking C executable cmTC_8ea2e
/usr/bin/cmake -E cmake_link_script CMakeFiles/cmTC_8ea2e.dir/link.txt --verbose=1
/home/nano/esp/xtensa-lx106-elf/bin/xtensa-lx106-elf-gcc  -mlongcalls -Wno-frame-address   -nostdlib -Wl,--gc-sections  CMakeFiles/cmTC_8ea2e.dir/feature_tests.c.obj  -o cmTC_8ea2e 
/home/nano/esp/xtensa-lx106-elf/bin/../lib/gcc/xtensa-lx106-elf/5.2.0/../../../../xtensa-lx106-elf/bin/ld: warning: cannot find entry symbol _start; not setting start address
make[4]: Leaving directory '/home/nano/esp/aircon/bootloader/CMakeFiles/CMakeTmp'
make[3]: Leaving directory '/home/nano/esp/aircon/bootloader/CMakeFiles/CMakeTmp'




Detecting C [-std=c90] compiler features compiled with the following output:
Change Dir: /home/nano/esp/aircon/bootloader/CMakeFiles/CMakeTmp

Run Build Command:"/usr/bin/make" "cmTC_71fdd/fast"
make[3]: Entering directory '/home/nano/esp/aircon/bootloader/CMakeFiles/CMakeTmp'
/usr/bin/make -f CMakeFiles/cmTC_71fdd.dir/build.make CMakeFiles/cmTC_71fdd.dir/build
make[4]: Entering directory '/home/nano/esp/aircon/bootloader/CMakeFiles/CMakeTmp'
Building C object CMakeFiles/cmTC_71fdd.dir/feature_tests.c.obj
/home/nano/esp/xtensa-lx106-elf/bin/xtensa-lx106-elf-gcc    -mlongcalls -Wno-frame-address    -std=c90 -o CMakeFiles/cmTC_71fdd.dir/feature_tests.c.obj   -c /home/nano/esp/aircon/bootloader/CMakeFiles/feature_tests.c
Linking C executable cmTC_71fdd
/usr/bin/cmake -E cmake_link_script CMakeFiles/cmTC_71fdd.dir/link.txt --verbose=1
/home/nano/esp/xtensa-lx106-elf/bin/xtensa-lx106-elf-gcc  -mlongcalls -Wno-frame-address   -nostdlib -Wl,--gc-sections  CMakeFiles/cmTC_71fdd.dir/feature_tests.c.obj  -o cmTC_71fdd 
/home/nano/esp/xtensa-lx106-elf/bin/../lib/gcc/xtensa-lx106-elf/5.2.0/../../../../xtensa-lx106-elf/bin/ld: warning: cannot find entry symbol _start; not setting start address
make[4]: Leaving directory '/home/nano/esp/aircon/bootloader/CMakeFiles/CMakeTmp'
make[3]: Leaving directory '/home/nano/esp/aircon/bootloader/CMakeFiles/CMakeTmp'


Determining if the CXX compiler works passed with the following output:
Change Dir: /home/nano/esp/aircon/bootloader/CMakeFiles/CMakeTmp

Run Build Command:"/usr/bin/make" "cmTC_c38d4/fast"
make[3]: Entering directory '/home/nano/esp/aircon/bootloader/CMakeFiles/CMakeTmp'
/usr/bin/make -f CMakeFiles/cmTC_c38d4.dir/build.make CMakeFiles/cmTC_c38d4.dir/build
make[4]: Entering directory '/home/nano/esp/aircon/bootloader/CMakeFiles/CMakeTmp'
Building CXX object CMakeFiles/cmTC_c38d4.dir/testCXXCompiler.cxx.obj
/home/nano/esp/xtensa-lx106-elf/bin/xtensa-lx106-elf-g++     -mlongcalls -Wno-frame-address    -o CMakeFiles/cmTC_c38d4.dir/testCXXCompiler.cxx.obj -c /home/nano/esp/aircon/bootloader/CMakeFiles/CMakeTmp/testCXXCompiler.cxx
Linking CXX executable cmTC_c38d4
/usr/bin/cmake -E cmake_link_script CMakeFiles/cmTC_c38d4.dir/link.txt --verbose=1
/home/nano/esp/xtensa-lx106-elf/bin/xtensa-lx106-elf-g++   -mlongcalls -Wno-frame-address   -nostdlib -Wl,--gc-sections  CMakeFiles/cmTC_c38d4.dir/testCXXCompiler.cxx.obj  -o cmTC_c38d4 
/home/nano/esp/xtensa-lx106-elf/bin/../lib/gcc/xtensa-lx106-elf/5.2.0/../../../../xtensa-lx106-elf/bin/ld: warning: cannot find entry symbol _start; not setting start address
make[4]: Leaving directory '/home/nano/esp/aircon/bootloader/CMakeFiles/CMakeTmp'
make[3]: Leaving directory '/home/nano/esp/aircon/bootloader/CMakeFiles/CMakeTmp'


Detecting CXX compiler ABI info compiled with the following output:
Change Dir: /home/nano/esp/aircon/bootloader/CMakeFiles/CMakeTmp

Run Build Command:"/usr/bin/make" "cmTC_5bbc7/fast"
make[3]: Entering directory '/home/nano/esp/aircon/bootloader/CMakeFiles/CMakeTmp'
/usr/bin/make -f CMakeFiles/cmTC_5bbc7.dir/build.make CMakeFiles/cmTC_5bbc7.dir/build
make[4]: Entering directory '/home/nano/esp/aircon/bootloader/CMakeFiles/CMakeTmp'
Building CXX object CMakeFiles/cmTC_5bbc7.dir/CMakeCXXCompilerABI.cpp.obj
/home/nano/esp/xtensa-lx106-elf/bin/xtensa-lx106-elf-g++     -mlongcalls -Wno-frame-address    -o CMakeFiles/cmTC_5bbc7.dir/CMakeCXXCompilerABI.cpp.obj -c /usr/share/cmake-3.5/Modules/CMakeCXXCompilerABI.cpp
Linking CXX executable cmTC_5bbc7
/usr/bin/cmake -E cmake_link_script CMakeFiles/cmTC_5bbc7.dir/link.txt --verbose=1
/home/nano/esp/xtensa-lx106-elf/bin/xtensa-lx106-elf-g++   -mlongcalls -Wno-frame-address   -nostdlib -Wl,--gc-sections -v CMakeFiles/cmTC_5bbc7.dir/CMakeCXXCompilerABI.cpp.obj  -o cmTC_5bbc7  
Using built-in specs.
COLLECT_GCC=/home/nano/esp/xtensa-lx106-elf/bin/xtensa-lx106-elf-g++
COLLECT_LTO_WRAPPER=/home/nano/esp/xtensa-lx106-elf/bin/../libexec/gcc/xtensa-lx106-elf/5.2.0/lto-wrapper
Target: xtensa-lx106-elf
Configured with: /builds/idf/crosstool-NG/.build/src/gcc-5.2.0/configure --build=x86_64-build_pc-linux-gnu --host=x86_64-build_pc-linux-gnu --target=xtensa-lx106-elf --prefix=/builds/idf/crosstool-NG/builds/xtensa-lx106-elf --with-local-prefix=/builds/idf/crosstool-NG/builds/xtensa-lx106-elf/xtensa-lx106-elf/sysroot --with-sysroot=/builds/idf/crosstool-NG/builds/xtensa-lx106-elf/xtensa-lx106-elf/sysroot --with-newlib --enable-threads=no --disable-shared --with-pkgversion='crosstool-NG crosstool-ng-1.22.0-100-ge567ec7' --disable-__cxa_atexit --enable-cxx-flags='-fno-exceptions -fno-rtti' --with-gmp=/builds/idf/crosstool-NG/.build/xtensa-lx106-elf/buildtools --with-mpfr=/builds/idf/crosstool-NG/.build/xtensa-lx106-elf/buildtools --with-mpc=/builds/idf/crosstool-NG/.build/xtensa-lx106-elf/buildtools --with-isl=/builds/idf/crosstool-NG/.build/xtensa-lx106-elf/buildtools --with-cloog=/builds/idf/crosstool-NG/.build/xtensa-lx106-elf/buildtools --with-libelf=/builds/idf/crosstool-NG/.build/xtensa-lx106-elf/buildtools --enable-lto --enable-target-optspace --without-long-double-128 --disable-libgomp --disable-libmudflap --disable-libssp --disable-libquadmath --disable-libquadmath-support --disable-nls --disable-multilib --enable-languages=c,c++
Thread model: single
gcc version 5.2.0 (crosstool-NG crosstool-ng-1.22.0-100-ge567ec7) 
COMPILER_PATH=/home/nano/esp/xtensa-lx106-elf/bin/../libexec/gcc/xtensa-lx106-elf/5.2.0/:/home/nano/esp/xtensa-lx106-elf/bin/../libexec/gcc/:/home/nano/esp/xtensa-lx106-elf/bin/../lib/gcc/xtensa-lx106-elf/5.2.0/../../../../xtensa-lx106-elf/bin/
LIBRARY_PATH=/home/nano/esp/xtensa-lx106-elf/bin/../lib/gcc/xtensa-lx106-elf/5.2.0/:/home/nano/esp/xtensa-lx106-elf/bin/../lib/gcc/:/home/nano/esp/xtensa-lx106-elf/bin/../lib/gcc/xtensa-lx106-elf/5.2.0/../../../../xtensa-lx106-elf/lib/:/home/nano/esp/xtensa-lx106-elf/bin/../xtensa-lx106-elf/sysroot/lib/:/home/nano/esp/xtensa-lx106-elf/bin/../xtensa-lx106-elf/sysroot/usr/lib/
COLLECT_GCC_OPTIONS='-mlongcalls' '-Wno-frame-address' '-nostdlib' '-v' '-o' 'cmTC_5bbc7'
 /home/nano/esp/xtensa-lx106-elf/bin/../libexec/gcc/xtensa-lx106-elf/5.2.0/collect2 -plugin /home/nano/esp/xtensa-lx106-elf/bin/../libexec/gcc/xtensa-lx106-elf/5.2.0/liblto_plugin.so -plugin-opt=/home/nano/esp/xtensa-lx106-elf/bin/../libexec/gcc/xtensa-lx106-elf/5.2.0/lto-wrapper -plugin-opt=-fresolution=/tmp/ccpKGgZW.res --sysroot=/home/nano/esp/xtensa-lx106-elf/bin/../xtensa-lx106-elf/sysroot -o cmTC_5bbc7 -L/home/nano/esp/xtensa-lx106-elf/bin/../lib/gcc/xtensa-lx106-elf/5.2.0 -L/home/nano/esp/xtensa-lx106-elf/bin/../lib/gcc -L/home/nano/esp/xtensa-lx106-elf/bin/../lib/gcc/xtensa-lx106-elf/5.2.0/../../../../xtensa-lx106-elf/lib -L/home/nano/esp/xtensa-lx106-elf/bin/../xtensa-lx106-elf/sysroot/lib -L/home/nano/esp/xtensa-lx106-elf/bin/../xtensa-lx106-elf/sysroot/usr/lib --gc-sections CMakeFiles/cmTC_5bbc7.dir/CMakeCXXCompilerABI.cpp.obj
/home/nano/esp/xtensa-lx106-elf/bin/../lib/gcc/xtensa-lx106-elf/5.2.0/../../../../xtensa-lx106-elf/bin/ld: warning: cannot find entry symbol _start; not setting start address
make[4]: Leaving directory '/home/nano/esp/aircon/bootloader/CMakeFiles/CMakeTmp'
make[3]: Leaving directory '/home/nano/esp/aircon/bootloader/CMakeFiles/CMakeTmp'


Parsed CXX implicit link information from above output:
  link line regex: [^( *|.*[/\])(xtensa-lx106-elf-ld|([^/\]+-)?ld|collect2)[^/\]*( |$)]
  ignore line: [Change Dir: /home/nano/esp/aircon/bootloader/CMakeFiles/CMakeTmp]
  ignore line: []
  ignore line: [Run Build Command:"/usr/bin/make" "cmTC_5bbc7/fast"]
  ignore line: [make[3]: Entering directory '/home/nano/esp/aircon/bootloader/CMakeFiles/CMakeTmp']
  ignore line: [/usr/bin/make -f CMakeFiles/cmTC_5bbc7.dir/build.make CMakeFiles/cmTC_5bbc7.dir/build]
  ignore line: [make[4]: Entering directory '/home/nano/esp/aircon/bootloader/CMakeFiles/CMakeTmp']
  ignore line: [Building CXX object CMakeFiles/cmTC_5bbc7.dir/CMakeCXXCompilerABI.cpp.obj]
  ignore line: [/home/nano/esp/xtensa-lx106-elf/bin/xtensa-lx106-elf-g++     -mlongcalls -Wno-frame-address    -o CMakeFiles/cmTC_5bbc7.dir/CMakeCXXCompilerABI.cpp.obj -c /usr/share/cmake-3.5/Modules/CMakeCXXCompilerABI.cpp]
  ignore line: [Linking CXX executable cmTC_5bbc7]
  ignore line: [/usr/bin/cmake -E cmake_link_script CMakeFiles/cmTC_5bbc7.dir/link.txt --verbose=1]
  ignore line: [/home/nano/esp/xtensa-lx106-elf/bin/xtensa-lx106-elf-g++   -mlongcalls -Wno-frame-address   -nostdlib -Wl,--gc-sections -v CMakeFiles/cmTC_5bbc7.dir/CMakeCXXCompilerABI.cpp.obj  -o cmTC_5bbc7  ]
  ignore line: [Using built-in specs.]
  ignore line: [COLLECT_GCC=/home/nano/esp/xtensa-lx106-elf/bin/xtensa-lx106-elf-g++]
  ignore line: [COLLECT_LTO_WRAPPER=/home/nano/esp/xtensa-lx106-elf/bin/../libexec/gcc/xtensa-lx106-elf/5.2.0/lto-wrapper]
  ignore line: [Target: xtensa-lx106-elf]
  ignore line: [Configured with: /builds/idf/crosstool-NG/.build/src/gcc-5.2.0/configure --build=x86_64-build_pc-linux-gnu --host=x86_64-build_pc-linux-gnu --target=xtensa-lx106-elf --prefix=/builds/idf/crosstool-NG/builds/xtensa-lx106-elf --with-local-prefix=/builds/idf/crosstool-NG/builds/xtensa-lx106-elf/xtensa-lx106-elf/sysroot --with-sysroot=/builds/idf/crosstool-NG/builds/xtensa-lx106-elf/xtensa-lx106-elf/sysroot --with-newlib --enable-threads=no --disable-shared --with-pkgversion='crosstool-NG crosstool-ng-1.22.0-100-ge567ec7' --disable-__cxa_atexit --enable-cxx-flags='-fno-exceptions -fno-rtti' --with-gmp=/builds/idf/crosstool-NG/.build/xtensa-lx106-elf/buildtools --with-mpfr=/builds/idf/crosstool-NG/.build/xtensa-lx106-elf/buildtools --with-mpc=/builds/idf/crosstool-NG/.build/xtensa-lx106-elf/buildtools --with-isl=/builds/idf/crosstool-NG/.build/xtensa-lx106-elf/buildtools --with-cloog=/builds/idf/crosstool-NG/.build/xtensa-lx106-elf/buildtools --with-libelf=/builds/idf/crosstool-NG/.build/xtensa-lx106-elf/buildtools --enable-lto --enable-target-optspace --without-long-double-128 --disable-libgomp --disable-libmudflap --disable-libssp --disable-libquadmath --disable-libquadmath-support --disable-nls --disable-multilib --enable-languages=c,c++]
  ignore line: [Thread model: single]
  ignore line: [gcc version 5.2.0 (crosstool-NG crosstool-ng-1.22.0-100-ge567ec7) ]
  ignore line: [COMPILER_PATH=/home/nano/esp/xtensa-lx106-elf/bin/../libexec/gcc/xtensa-lx106-elf/5.2.0/:/home/nano/esp/xtensa-lx106-elf/bin/../libexec/gcc/:/home/nano/esp/xtensa-lx106-elf/bin/../lib/gcc/xtensa-lx106-elf/5.2.0/../../../../xtensa-lx106-elf/bin/]
  ignore line: [LIBRARY_PATH=/home/nano/esp/xtensa-lx106-elf/bin/../lib/gcc/xtensa-lx106-elf/5.2.0/:/home/nano/esp/xtensa-lx106-elf/bin/../lib/gcc/:/home/nano/esp/xtensa-lx106-elf/bin/../lib/gcc/xtensa-lx106-elf/5.2.0/../../../../xtensa-lx106-elf/lib/:/home/nano/esp/xtensa-lx106-elf/bin/../xtensa-lx106-elf/sysroot/lib/:/home/nano/esp/xtensa-lx106-elf/bin/../xtensa-lx106-elf/sysroot/usr/lib/]
  ignore line: [COLLECT_GCC_OPTIONS='-mlongcalls' '-Wno-frame-address' '-nostdlib' '-v' '-o' 'cmTC_5bbc7']
  link line: [ /home/nano/esp/xtensa-lx106-elf/bin/../libexec/gcc/xtensa-lx106-elf/5.2.0/collect2 -plugin /home/nano/esp/xtensa-lx106-elf/bin/../libexec/gcc/xtensa-lx106-elf/5.2.0/liblto_plugin.so -plugin-opt=/home/nano/esp/xtensa-lx106-elf/bin/../libexec/gcc/xtensa-lx106-elf/5.2.0/lto-wrapper -plugin-opt=-fresolution=/tmp/ccpKGgZW.res --sysroot=/home/nano/esp/xtensa-lx106-elf/bin/../xtensa-lx106-elf/sysroot -o cmTC_5bbc7 -L/home/nano/esp/xtensa-lx106-elf/bin/../lib/gcc/xtensa-lx106-elf/5.2.0 -L/home/nano/esp/xtensa-lx106-elf/bin/../lib/gcc -L/home/nano/esp/xtensa-lx106-elf/bin/../lib/gcc/xtensa-lx106-elf/5.2.0/../../../../xtensa-lx106-elf/lib -L/home/nano/esp/xtensa-lx106-elf/bin/../xtensa-lx106-elf/sysroot/lib -L/home/nano/esp/xtensa-lx106-elf/bin/../xtensa-lx106-elf/sysroot/usr/lib --gc-sections CMakeFiles/cmTC_5bbc7.dir/CMakeCXXCompilerABI.cpp.obj]
    arg [/home/nano/esp/xtensa-lx106-elf/bin/../libexec/gcc/xtensa-lx106-elf/5.2.0/collect2] ==> ignore
    arg [-plugin] ==> ignore
    arg [/home/nano/esp/xtensa-lx106-elf/bin/../libexec/gcc/xtensa-lx106-elf/5.2.0/liblto_plugin.so] ==> ignore
    arg [-plugin-opt=/home/nano/esp/xtensa-lx106-elf/bin/../libexec/gcc/xtensa-lx106-elf/5.2.0/lto-wrapper] ==> ignore
    arg [-plugin-opt=-fresolution=/tmp/ccpKGgZW.res] ==> ignore
    arg [--sysroot=/home/nano/esp/xtensa-lx106-elf/bin/../xtensa-lx106-elf/sysroot] ==> ignore
    arg [-o] ==> ignore
    arg [cmTC_5bbc7] ==> ignore
    arg [-L/home/nano/esp/xtensa-lx106-elf/bin/../lib/gcc/xtensa-lx106-elf/5.2.0] ==> dir [/home/nano/esp/xtensa-lx106-elf/bin/../lib/gcc/xtensa-lx106-elf/5.2.0]
    arg [-L/home/nano/esp/xtensa-lx106-elf/bin/../lib/gcc] ==> dir [/home/nano/esp/xtensa-lx106-elf/bin/../lib/gcc]
    arg [-L/home/nano/esp/xtensa-lx106-elf/bin/../lib/gcc/xtensa-lx106-elf/5.2.0/../../../../xtensa-lx106-elf/lib] ==> dir [/home/nano/esp/xtensa-lx106-elf/bin/../lib/gcc/xtensa-lx106-elf/5.2.0/../../../../xtensa-lx106-elf/lib]
    arg [-L/home/nano/esp/xtensa-lx106-elf/bin/../xtensa-lx106-elf/sysroot/lib] ==> dir [/home/nano/esp/xtensa-lx106-elf/bin/../xtensa-lx106-elf/sysroot/lib]
    arg [-L/home/nano/esp/xtensa-lx106-elf/bin/../xtensa-lx106-elf/sysroot/usr/lib] ==> dir [/home/nano/esp/xtensa-lx106-elf/bin/../xtensa-lx106-elf/sysroot/usr/lib]
    arg [--gc-sections] ==> ignore
    arg [CMakeFiles/cmTC_5bbc7.dir/CMakeCXXCompilerABI.cpp.obj] ==> ignore
  collapse library dir [/home/nano/esp/xtensa-lx106-elf/bin/../lib/gcc/xtensa-lx106-elf/5.2.0] ==> [/home/nano/esp/xtensa-lx106-elf/lib/gcc/xtensa-lx106-elf/5.2.0]
  collapse library dir [/home/nano/esp/xtensa-lx106-elf/bin/../lib/gcc] ==> [/home/nano/esp/xtensa-lx106-elf/lib/gcc]
  collapse library dir [/home/nano/esp/xtensa-lx106-elf/bin/../lib/gcc/xtensa-lx106-elf/5.2.0/../../../../xtensa-lx106-elf/lib] ==> [/home/nano/esp/xtensa-lx106-elf/xtensa-lx106-elf/lib]
  collapse library dir [/home/nano/esp/xtensa-lx106-elf/bin/../xtensa-lx106-elf/sysroot/lib] ==> [/home/nano/esp/xtensa-lx106-elf/xtensa-lx106-elf/sysroot/lib]
  collapse library dir [/home/nano/esp/xtensa-lx106-elf/bin/../xtensa-lx106-elf/sysroot/usr/lib] ==> [/home/nano/esp/xtensa-lx106-elf/xtensa-lx106-elf/sysroot/usr/lib]
  implicit libs: []
  implicit dirs: [/home/nano/esp/xtensa-lx106-elf/lib/gcc/xtensa-lx106-elf/5.2.0;/home/nano/esp/xtensa-lx106-elf/lib/gcc;/home/nano/esp/xtensa-lx106-elf/xtensa-lx106-elf/lib;/home/nano/esp/xtensa-lx106-elf/xtensa-lx106-elf/sysroot/lib;/home/nano/esp/xtensa-lx106-elf/xtensa-lx106-elf/sysroot/usr/lib]
  implicit fwks: []




Detecting CXX [-std=c++14] compiler features compiled with the following output:
Change Dir: /home/nano/esp/aircon/bootloader/CMakeFiles/CMakeTmp

Run Build Command:"/usr/bin/make" "cmTC_8830d/fast"
make[3]: Entering directory '/home/nano/esp/aircon/bootloader/CMakeFiles/CMakeTmp'
/usr/bin/make -f CMakeFiles/cmTC_8830d.dir/build.make CMakeFiles/cmTC_8830d.dir/build
make[4]: Entering directory '/home/nano/esp/aircon/bootloader/CMakeFiles/CMakeTmp'
Building CXX object CMakeFiles/cmTC_8830d.dir/feature_tests.cxx.obj
/home/nano/esp/xtensa-lx106-elf/bin/xtensa-lx106-elf-g++     -mlongcalls -Wno-frame-address    -std=c++14 -o CMakeFiles/cmTC_8830d.dir/feature_tests.cxx.obj -c /home/nano/esp/aircon/bootloader/CMakeFiles/feature_tests.cxx
Linking CXX executable cmTC_8830d
/usr/bin/cmake -E cmake_link_script CMakeFiles/cmTC_8830d.dir/link.txt --verbose=1
/home/nano/esp/xtensa-lx106-elf/bin/xtensa-lx106-elf-g++   -mlongcalls -Wno-frame-address   -nostdlib -Wl,--gc-sections  CMakeFiles/cmTC_8830d.dir/feature_tests.cxx.obj  -o cmTC_8830d 
/home/nano/esp/xtensa-lx106-elf/bin/../lib/gcc/xtensa-lx106-elf/5.2.0/../../../../xtensa-lx106-elf/bin/ld: warning: cannot find entry symbol _start; not setting start address
make[4]: Leaving directory '/home/nano/esp/aircon/bootloader/CMakeFiles/CMakeTmp'
make[3]: Leaving directory '/home/nano/esp/aircon/bootloader/CMakeFiles/CMakeTmp'




Detecting CXX [-std=c++11] compiler features compiled with the following output:
Change Dir: /home/nano/esp/aircon/bootloader/CMakeFiles/CMakeTmp

Run Build Command:"/usr/bin/make" "cmTC_99fc4/fast"
make[3]: Entering directory '/home/nano/esp/aircon/bootloader/CMakeFiles/CMakeTmp'
/usr/bin/make -f CMakeFiles/cmTC_99fc4.dir/build.make CMakeFiles/cmTC_99fc4.dir/build
make[4]: Entering directory '/home/nano/esp/aircon/bootloader/CMakeFiles/CMakeTmp'
Building CXX object CMakeFiles/cmTC_99fc4.dir/feature_tests.cxx.obj
/home/nano/esp/xtensa-lx106-elf/bin/xtensa-lx106-elf-g++     -mlongcalls -Wno-frame-address    -std=c++11 -o CMakeFiles/cmTC_99fc4.dir/feature_tests.cxx.obj -c /home/nano/esp/aircon/bootloader/CMakeFiles/feature_tests.cxx
Linking CXX executable cmTC_99fc4
/usr/bin/cmake -E cmake_link_script CMakeFiles/cmTC_99fc4.dir/link.txt --verbose=1
/home/nano/esp/xtensa-lx106-elf/bin/xtensa-lx106-elf-g++   -mlongcalls -Wno-frame-address   -nostdlib -Wl,--gc-sections  CMakeFiles/cmTC_99fc4.dir/feature_tests.cxx.obj  -o cmTC_99fc4 
/home/nano/esp/xtensa-lx106-elf/bin/../lib/gcc/xtensa-lx106-elf/5.2.0/../../../../xtensa-lx106-elf/bin/ld: warning: cannot find entry symbol _start; not setting start address
make[4]: Leaving directory '/home/nano/esp/aircon/bootloader/CMakeFiles/CMakeTmp'
make[3]: Leaving directory '/home/nano/esp/aircon/bootloader/CMakeFiles/CMakeTmp'




Detecting CXX [-std=c++98] compiler features compiled with the following output:
Change Dir: /home/nano/esp/aircon/bootloader/CMakeFiles/CMakeTmp

Run Build Command:"/usr/bin/make" "cmTC_9165f/fast"
make[3]: Entering directory '/home/nano/esp/aircon/bootloader/CMakeFiles/CMakeTmp'
/usr/bin/make -f CMakeFiles/cmTC_9165f.dir/build.make CMakeFiles/cmTC_9165f.dir/build
make[4]: Entering directory '/home/nano/esp/aircon/bootloader/CMakeFiles/CMakeTmp'
Building CXX object CMakeFiles/cmTC_9165f.dir/feature_tests.cxx.obj
/home/nano/esp/xtensa-lx106-elf/bin/xtensa-lx106-elf-g++     -mlongcalls -Wno-frame-address    -std=c++98 -o CMakeFiles/cmTC_9165f.dir/feature_tests.cxx.obj -c /home/nano/esp/aircon/bootloader/CMakeFiles/feature_tests.cxx
Linking CXX executable cmTC_9165f
/usr/bin/cmake -E cmake_link_script CMakeFiles/cmTC_9165f.dir/link.txt --verbose=1
/home/nano/esp/xtensa-lx106-elf/bin/xtensa-lx106-elf-g++   -mlongcalls -Wno-frame-address   -nostdlib -Wl,--gc-sections  CMakeFiles/cmTC_9165f.dir/feature_tests.cxx.obj  -o cmTC_9165f 
/home/nano/esp/xtensa-lx106-elf/bin/../lib/gcc/xtensa-lx106-elf/5.2.0/../../../../xtensa-lx106-elf/bin/ld: warning: cannot find entry symbol _start; not setting start address
make[4]: Leaving directory '/home/nano/esp/aircon/bootloader/CMakeFiles/CMakeTmp'
make[3]: Leaving directory '/home/nano/esp/aircon/bootloader/CMakeFiles/CMakeTmp'


